debug: Mon, 29 Aug 2022 23:53:04 GMT
debug: Project: /Users/raopinwu/workspace/ccs/fitSreen/FitScreen
debug: Targets: editor,preview
debug: Incremental file seems great.
debug: Engine path: /Applications/CocosCreator/Creator/3.6.0/CocosCreator.app/Contents/Resources/resources/3d/engine
debug: Initializing target [Editor]
debug: Loading cache
debug: Loading cache costs 3.5250949999899603ms.
debug: Engine features shipped in editor: base,gfx-webgl,gfx-webgl2,3d,animation,skeletal-animation,2d,ui,particle,particle-2d,physics-framework,physics-2d-framework,intersection-2d,primitive,profiler,occlusion-query,geometry-renderer,debug-renderer,audio,video,terrain,webview,tween,tiled-map,spine,dragon-bones,marionette,custom-pipeline
debug: Our import map(foo:/bar): {
  "imports": {
    "cc": "cce:/internal/x/cc"
  }
}
debug: Initializing target [Preview]
debug: Loading cache
debug: Loading cache costs 2.4855479999969248ms.
debug: Our import map(foo:/bar): {
  "imports": {
    "cc": "cce:/internal/x/cc"
  }
}
debug: Sync engine features: 2d,animation,audio,base,dragon-bones,gfx-webgl,gfx-webgl2,intersection-2d,marionette,particle-2d,physics-2d-box2d,profiler,skeletal-animation,spine,tiled-map,tween,ui,video,webview
debug: Reset databases. Enumerated domains: [
  {
    "root": "db://internal/",
    "physical": "/Applications/CocosCreator/Creator/3.6.0/CocosCreator.app/Contents/Resources/resources/3d/engine/editor/assets"
  },
  {
    "root": "db://assets/",
    "physical": "/Users/raopinwu/workspace/ccs/fitSreen/FitScreen/assets"
  },
  {
    "root": "db://magic-book/",
    "physical": "/Users/raopinwu/workspace/ccs/fitSreen/FitScreen/extensions/magic-book/assets",
    "jail": "/Users/raopinwu/workspace/ccs/fitSreen/FitScreen/extensions/magic-book"
  }
]
debug: Our import map(foo:/bar): {
  "imports": {
    "cc": "cce:/internal/x/cc",
    "db://internal/": "file:///Applications/CocosCreator/Creator/3.6.0/CocosCreator.app/Contents/Resources/resources/3d/engine/editor/assets/",
    "db://assets/": "file:///Users/raopinwu/workspace/ccs/fitSreen/FitScreen/assets/",
    "db://magic-book/": "file:///Users/raopinwu/workspace/ccs/fitSreen/FitScreen/extensions/magic-book/assets/"
  }
}
debug: Our import map(foo:/bar): {
  "imports": {
    "cc": "cce:/internal/x/cc",
    "db://internal/": "file:///Applications/CocosCreator/Creator/3.6.0/CocosCreator.app/Contents/Resources/resources/3d/engine/editor/assets/",
    "db://assets/": "file:///Users/raopinwu/workspace/ccs/fitSreen/FitScreen/assets/",
    "db://magic-book/": "file:///Users/raopinwu/workspace/ccs/fitSreen/FitScreen/extensions/magic-book/assets/"
  }
}
debug: Pulling asset-db.
debug: Fetch asset-db cost: 33.50979699999152ms.
debug: Build iteration starts.
Number of accumulated asset changes: 10
Feature changed: false
debug: Target(editor) build started.
debug: Detected change: cce:/internal/x/cc. Last mtime: Thu Jan 01 1970 08:00:08 GMT+0800 (菲律宾标准时间), Current mtime: Thu Jan 01 1970 08:00:07 GMT+0800 (菲律宾标准时间)
debug: Inspect cce:/internal/x/cc
debug: Resolve cce:/internal/x/cc-fu/base from cce:/internal/x/cc as external dependency cce:/internal/x/cc-fu/base.
debug: Resolve cce:/internal/x/cc-fu/gfx-webgl from cce:/internal/x/cc as external dependency cce:/internal/x/cc-fu/gfx-webgl.
debug: Resolve cce:/internal/x/cc-fu/gfx-webgl2 from cce:/internal/x/cc as external dependency cce:/internal/x/cc-fu/gfx-webgl2.
debug: Resolve cce:/internal/x/cc-fu/3d from cce:/internal/x/cc as external dependency cce:/internal/x/cc-fu/3d.
debug: Resolve cce:/internal/x/cc-fu/animation from cce:/internal/x/cc as external dependency cce:/internal/x/cc-fu/animation.
debug: Resolve cce:/internal/x/cc-fu/skeletal-animation from cce:/internal/x/cc as external dependency cce:/internal/x/cc-fu/skeletal-animation.
debug: Resolve cce:/internal/x/cc-fu/2d from cce:/internal/x/cc as external dependency cce:/internal/x/cc-fu/2d.
debug: Resolve cce:/internal/x/cc-fu/ui from cce:/internal/x/cc as external dependency cce:/internal/x/cc-fu/ui.
debug: Resolve cce:/internal/x/cc-fu/particle from cce:/internal/x/cc as external dependency cce:/internal/x/cc-fu/particle.
debug: Resolve cce:/internal/x/cc-fu/particle-2d from cce:/internal/x/cc as external dependency cce:/internal/x/cc-fu/particle-2d.
debug: Resolve cce:/internal/x/cc-fu/physics-framework from cce:/internal/x/cc as external dependency cce:/internal/x/cc-fu/physics-framework.
debug: Resolve cce:/internal/x/cc-fu/physics-2d-framework from cce:/internal/x/cc as external dependency cce:/internal/x/cc-fu/physics-2d-framework.
debug: Resolve cce:/internal/x/cc-fu/intersection-2d from cce:/internal/x/cc as external dependency cce:/internal/x/cc-fu/intersection-2d.
debug: Resolve cce:/internal/x/cc-fu/primitive from cce:/internal/x/cc as external dependency cce:/internal/x/cc-fu/primitive.
debug: Resolve cce:/internal/x/cc-fu/profiler from cce:/internal/x/cc as external dependency cce:/internal/x/cc-fu/profiler.
debug: Resolve cce:/internal/x/cc-fu/geometry-renderer from cce:/internal/x/cc as external dependency cce:/internal/x/cc-fu/geometry-renderer.
debug: Resolve cce:/internal/x/cc-fu/audio from cce:/internal/x/cc as external dependency cce:/internal/x/cc-fu/audio.
debug: Resolve cce:/internal/x/cc-fu/video from cce:/internal/x/cc as external dependency cce:/internal/x/cc-fu/video.
debug: Resolve cce:/internal/x/cc-fu/terrain from cce:/internal/x/cc as external dependency cce:/internal/x/cc-fu/terrain.
debug: Resolve cce:/internal/x/cc-fu/webview from cce:/internal/x/cc as external dependency cce:/internal/x/cc-fu/webview.
debug: Resolve cce:/internal/x/cc-fu/tween from cce:/internal/x/cc as external dependency cce:/internal/x/cc-fu/tween.
debug: Resolve cce:/internal/x/cc-fu/tiled-map from cce:/internal/x/cc as external dependency cce:/internal/x/cc-fu/tiled-map.
debug: Resolve cce:/internal/x/cc-fu/spine from cce:/internal/x/cc as external dependency cce:/internal/x/cc-fu/spine.
debug: Resolve cce:/internal/x/cc-fu/dragon-bones from cce:/internal/x/cc as external dependency cce:/internal/x/cc-fu/dragon-bones.
debug: Resolve cce:/internal/x/cc-fu/custom-pipeline from cce:/internal/x/cc as external dependency cce:/internal/x/cc-fu/custom-pipeline.
debug: Detected change: cce:/internal/x/prerequisite-imports. Last mtime: Thu Jan 01 1970 08:10:33 GMT+0800 (菲律宾标准时间), Current mtime: Thu Jan 01 1970 08:00:08 GMT+0800 (菲律宾标准时间)
debug: Inspect cce:/internal/x/prerequisite-imports
debug: Resolve file:///Users/raopinwu/workspace/ccs/fitSreen/FitScreen/assets/Script/AutoScripts/Canvas.ts from cce:/internal/x/prerequisite-imports as file:///Users/raopinwu/workspace/ccs/fitSreen/FitScreen/assets/Script/AutoScripts/Canvas.ts.
debug: Resolve cc from file:///Users/raopinwu/workspace/ccs/fitSreen/FitScreen/assets/Script/AutoScripts/Canvas.ts as cce:/internal/x/cc.
debug: Resolve cc from file:///Users/raopinwu/workspace/ccs/fitSreen/FitScreen/assets/Script/AutoScripts/Canvas.ts as cce:/internal/x/cc.
debug: Resolve cc from file:///Users/raopinwu/workspace/ccs/fitSreen/FitScreen/assets/Script/AutoScripts/Canvas.ts as cce:/internal/x/cc.
debug: Resolve file:///Users/raopinwu/workspace/ccs/fitSreen/FitScreen/assets/scripts/Main.ts from cce:/internal/x/prerequisite-imports as file:///Users/raopinwu/workspace/ccs/fitSreen/FitScreen/assets/scripts/Main.ts.
debug: Resolve cc from file:///Users/raopinwu/workspace/ccs/fitSreen/FitScreen/assets/scripts/Main.ts as cce:/internal/x/cc.
debug: Resolve cc from file:///Users/raopinwu/workspace/ccs/fitSreen/FitScreen/assets/scripts/Main.ts as cce:/internal/x/cc.
debug: Resolve cc from file:///Users/raopinwu/workspace/ccs/fitSreen/FitScreen/assets/scripts/Main.ts as cce:/internal/x/cc.
debug: Resolve file:///Users/raopinwu/workspace/ccs/fitSreen/FitScreen/extensions/magic-book/assets/src/base/mb_base_cp.ts from cce:/internal/x/prerequisite-imports as file:///Users/raopinwu/workspace/ccs/fitSreen/FitScreen/extensions/magic-book/assets/src/base/mb_base_cp.ts.
debug: Resolve cc from file:///Users/raopinwu/workspace/ccs/fitSreen/FitScreen/extensions/magic-book/assets/src/base/mb_base_cp.ts as cce:/internal/x/cc.
debug: Resolve cc from file:///Users/raopinwu/workspace/ccs/fitSreen/FitScreen/extensions/magic-book/assets/src/base/mb_base_cp.ts as cce:/internal/x/cc.
debug: Resolve cc from file:///Users/raopinwu/workspace/ccs/fitSreen/FitScreen/extensions/magic-book/assets/src/base/mb_base_cp.ts as cce:/internal/x/cc.
debug: Resolve file:///Users/raopinwu/workspace/ccs/fitSreen/FitScreen/extensions/magic-book/assets/src/common/base/mb_base.ts from cce:/internal/x/prerequisite-imports as file:///Users/raopinwu/workspace/ccs/fitSreen/FitScreen/extensions/magic-book/assets/src/common/base/mb_base.ts.
debug: Resolve cce:/internal/code-quality/cr.mjs from file:///Users/raopinwu/workspace/ccs/fitSreen/FitScreen/extensions/magic-book/assets/src/common/base/mb_base.ts as cce:/internal/code-quality/cr.mjs.
debug: Detected change: cce:/internal/code-quality/cr.mjs. Last mtime: Mon Aug 29 2022 23:38:21 GMT+0800 (菲律宾标准时间), Current mtime: Tue Aug 30 2022 07:52:56 GMT+0800 (菲律宾标准时间)
debug: Inspect cce:/internal/code-quality/cr.mjs
debug: Resolve cc from file:///Users/raopinwu/workspace/ccs/fitSreen/FitScreen/extensions/magic-book/assets/src/common/base/mb_base.ts as cce:/internal/x/cc.
debug: Resolve ../../mb from file:///Users/raopinwu/workspace/ccs/fitSreen/FitScreen/extensions/magic-book/assets/src/common/base/mb_base.ts as file:///Users/raopinwu/workspace/ccs/fitSreen/FitScreen/extensions/magic-book/assets/src/mb.ts.
debug: Resolve cce:/internal/code-quality/cr.mjs from file:///Users/raopinwu/workspace/ccs/fitSreen/FitScreen/extensions/magic-book/assets/src/mb.ts as cce:/internal/code-quality/cr.mjs.
debug: Resolve cc from file:///Users/raopinwu/workspace/ccs/fitSreen/FitScreen/extensions/magic-book/assets/src/mb.ts as cce:/internal/x/cc.
debug: Resolve ./config/mb_config from file:///Users/raopinwu/workspace/ccs/fitSreen/FitScreen/extensions/magic-book/assets/src/mb.ts as file:///Users/raopinwu/workspace/ccs/fitSreen/FitScreen/extensions/magic-book/assets/src/config/mb_config.ts.
debug: Resolve cc from file:///Users/raopinwu/workspace/ccs/fitSreen/FitScreen/extensions/magic-book/assets/src/config/mb_config.ts as cce:/internal/x/cc.
debug: Resolve ./system/audio/mb_audio from file:///Users/raopinwu/workspace/ccs/fitSreen/FitScreen/extensions/magic-book/assets/src/mb.ts as file:///Users/raopinwu/workspace/ccs/fitSreen/FitScreen/extensions/magic-book/assets/src/system/audio/mb_audio.ts.
debug: Resolve cce:/internal/code-quality/cr.mjs from file:///Users/raopinwu/workspace/ccs/fitSreen/FitScreen/extensions/magic-book/assets/src/system/audio/mb_audio.ts as cce:/internal/code-quality/cr.mjs.
debug: Resolve cc from file:///Users/raopinwu/workspace/ccs/fitSreen/FitScreen/extensions/magic-book/assets/src/system/audio/mb_audio.ts as cce:/internal/x/cc.
debug: Resolve cc from file:///Users/raopinwu/workspace/ccs/fitSreen/FitScreen/extensions/magic-book/assets/src/system/audio/mb_audio.ts as cce:/internal/x/cc.
debug: Resolve cc from file:///Users/raopinwu/workspace/ccs/fitSreen/FitScreen/extensions/magic-book/assets/src/system/audio/mb_audio.ts as cce:/internal/x/cc.
debug: Resolve ../../common/base/mb_base from file:///Users/raopinwu/workspace/ccs/fitSreen/FitScreen/extensions/magic-book/assets/src/system/audio/mb_audio.ts as file:///Users/raopinwu/workspace/ccs/fitSreen/FitScreen/extensions/magic-book/assets/src/common/base/mb_base.ts.
debug: Resolve ../../common/decorator/mb_decorator from file:///Users/raopinwu/workspace/ccs/fitSreen/FitScreen/extensions/magic-book/assets/src/system/audio/mb_audio.ts as file:///Users/raopinwu/workspace/ccs/fitSreen/FitScreen/extensions/magic-book/assets/src/common/decorator/mb_decorator.ts.
debug: Resolve cce:/internal/code-quality/cr.mjs from file:///Users/raopinwu/workspace/ccs/fitSreen/FitScreen/extensions/magic-book/assets/src/common/decorator/mb_decorator.ts as cce:/internal/code-quality/cr.mjs.
debug: Resolve cc from file:///Users/raopinwu/workspace/ccs/fitSreen/FitScreen/extensions/magic-book/assets/src/common/decorator/mb_decorator.ts as cce:/internal/x/cc.
debug: Resolve ../base/mb_base from file:///Users/raopinwu/workspace/ccs/fitSreen/FitScreen/extensions/magic-book/assets/src/common/decorator/mb_decorator.ts as file:///Users/raopinwu/workspace/ccs/fitSreen/FitScreen/extensions/magic-book/assets/src/common/base/mb_base.ts.
debug: Resolve ../log/mb_log from file:///Users/raopinwu/workspace/ccs/fitSreen/FitScreen/extensions/magic-book/assets/src/common/base/mb_base.ts as file:///Users/raopinwu/workspace/ccs/fitSreen/FitScreen/extensions/magic-book/assets/src/common/log/mb_log.ts.
debug: Resolve cce:/internal/code-quality/cr.mjs from file:///Users/raopinwu/workspace/ccs/fitSreen/FitScreen/extensions/magic-book/assets/src/common/log/mb_log.ts as cce:/internal/code-quality/cr.mjs.
debug: Resolve cc from file:///Users/raopinwu/workspace/ccs/fitSreen/FitScreen/extensions/magic-book/assets/src/common/log/mb_log.ts as cce:/internal/x/cc.
debug: Resolve ../../mb from file:///Users/raopinwu/workspace/ccs/fitSreen/FitScreen/extensions/magic-book/assets/src/common/log/mb_log.ts as file:///Users/raopinwu/workspace/ccs/fitSreen/FitScreen/extensions/magic-book/assets/src/mb.ts.
debug: Resolve file:///Users/raopinwu/workspace/ccs/fitSreen/FitScreen/extensions/magic-book/assets/src/common/decorator/mb_decorator.ts from cce:/internal/x/prerequisite-imports as file:///Users/raopinwu/workspace/ccs/fitSreen/FitScreen/extensions/magic-book/assets/src/common/decorator/mb_decorator.ts.
debug: Resolve file:///Users/raopinwu/workspace/ccs/fitSreen/FitScreen/extensions/magic-book/assets/src/common/log/mb_log.ts from cce:/internal/x/prerequisite-imports as file:///Users/raopinwu/workspace/ccs/fitSreen/FitScreen/extensions/magic-book/assets/src/common/log/mb_log.ts.
debug: Resolve file:///Users/raopinwu/workspace/ccs/fitSreen/FitScreen/extensions/magic-book/assets/src/config/mb_config.ts from cce:/internal/x/prerequisite-imports as file:///Users/raopinwu/workspace/ccs/fitSreen/FitScreen/extensions/magic-book/assets/src/config/mb_config.ts.
debug: Resolve file:///Users/raopinwu/workspace/ccs/fitSreen/FitScreen/extensions/magic-book/assets/src/mb.ts from cce:/internal/x/prerequisite-imports as file:///Users/raopinwu/workspace/ccs/fitSreen/FitScreen/extensions/magic-book/assets/src/mb.ts.
debug: Resolve file:///Users/raopinwu/workspace/ccs/fitSreen/FitScreen/extensions/magic-book/assets/src/system/audio/mb_audio.ts from cce:/internal/x/prerequisite-imports as file:///Users/raopinwu/workspace/ccs/fitSreen/FitScreen/extensions/magic-book/assets/src/system/audio/mb_audio.ts.
debug: Resolve file:///Users/raopinwu/workspace/ccs/fitSreen/FitScreen/extensions/magic-book/assets/src/system/audio/mb_audio_volume_cp.ts from cce:/internal/x/prerequisite-imports as file:///Users/raopinwu/workspace/ccs/fitSreen/FitScreen/extensions/magic-book/assets/src/system/audio/mb_audio_volume_cp.ts.
debug: Resolve cce:/internal/code-quality/cr.mjs from file:///Users/raopinwu/workspace/ccs/fitSreen/FitScreen/extensions/magic-book/assets/src/system/audio/mb_audio_volume_cp.ts as cce:/internal/code-quality/cr.mjs.
debug: Resolve cc from file:///Users/raopinwu/workspace/ccs/fitSreen/FitScreen/extensions/magic-book/assets/src/system/audio/mb_audio_volume_cp.ts as cce:/internal/x/cc.
debug: Resolve cc from file:///Users/raopinwu/workspace/ccs/fitSreen/FitScreen/extensions/magic-book/assets/src/system/audio/mb_audio_volume_cp.ts as cce:/internal/x/cc.
debug: Resolve cc from file:///Users/raopinwu/workspace/ccs/fitSreen/FitScreen/extensions/magic-book/assets/src/system/audio/mb_audio_volume_cp.ts as cce:/internal/x/cc.
debug: Resolve ../../base/mb_base_cp from file:///Users/raopinwu/workspace/ccs/fitSreen/FitScreen/extensions/magic-book/assets/src/system/audio/mb_audio_volume_cp.ts as file:///Users/raopinwu/workspace/ccs/fitSreen/FitScreen/extensions/magic-book/assets/src/base/mb_base_cp.ts.
debug: Resolve ../../mb from file:///Users/raopinwu/workspace/ccs/fitSreen/FitScreen/extensions/magic-book/assets/src/system/audio/mb_audio_volume_cp.ts as file:///Users/raopinwu/workspace/ccs/fitSreen/FitScreen/extensions/magic-book/assets/src/mb.ts.
debug: Target(editor) ends with cost 113.86719800000719ms.
debug: Target(preview) build started.
debug: Detected change: cce:/internal/x/cc. Last mtime: Thu Jan 01 1970 08:00:08 GMT+0800 (菲律宾标准时间), Current mtime: Thu Jan 01 1970 08:00:07 GMT+0800 (菲律宾标准时间)
debug: Inspect cce:/internal/x/cc
debug: Resolve cce:/internal/x/cc-fu/2d from cce:/internal/x/cc as external dependency cce:/internal/x/cc-fu/2d.
debug: Resolve cce:/internal/x/cc-fu/animation from cce:/internal/x/cc as external dependency cce:/internal/x/cc-fu/animation.
debug: Resolve cce:/internal/x/cc-fu/audio from cce:/internal/x/cc as external dependency cce:/internal/x/cc-fu/audio.
debug: Resolve cce:/internal/x/cc-fu/base from cce:/internal/x/cc as external dependency cce:/internal/x/cc-fu/base.
debug: Resolve cce:/internal/x/cc-fu/dragon-bones from cce:/internal/x/cc as external dependency cce:/internal/x/cc-fu/dragon-bones.
debug: Resolve cce:/internal/x/cc-fu/gfx-webgl from cce:/internal/x/cc as external dependency cce:/internal/x/cc-fu/gfx-webgl.
debug: Resolve cce:/internal/x/cc-fu/gfx-webgl2 from cce:/internal/x/cc as external dependency cce:/internal/x/cc-fu/gfx-webgl2.
debug: Resolve cce:/internal/x/cc-fu/intersection-2d from cce:/internal/x/cc as external dependency cce:/internal/x/cc-fu/intersection-2d.
debug: Resolve cce:/internal/x/cc-fu/particle-2d from cce:/internal/x/cc as external dependency cce:/internal/x/cc-fu/particle-2d.
debug: Resolve cce:/internal/x/cc-fu/physics-2d-box2d from cce:/internal/x/cc as external dependency cce:/internal/x/cc-fu/physics-2d-box2d.
debug: Resolve cce:/internal/x/cc-fu/physics-2d-framework from cce:/internal/x/cc as external dependency cce:/internal/x/cc-fu/physics-2d-framework.
debug: Resolve cce:/internal/x/cc-fu/profiler from cce:/internal/x/cc as external dependency cce:/internal/x/cc-fu/profiler.
debug: Resolve cce:/internal/x/cc-fu/skeletal-animation from cce:/internal/x/cc as external dependency cce:/internal/x/cc-fu/skeletal-animation.
debug: Resolve cce:/internal/x/cc-fu/spine from cce:/internal/x/cc as external dependency cce:/internal/x/cc-fu/spine.
debug: Resolve cce:/internal/x/cc-fu/tiled-map from cce:/internal/x/cc as external dependency cce:/internal/x/cc-fu/tiled-map.
debug: Resolve cce:/internal/x/cc-fu/tween from cce:/internal/x/cc as external dependency cce:/internal/x/cc-fu/tween.
debug: Resolve cce:/internal/x/cc-fu/ui from cce:/internal/x/cc as external dependency cce:/internal/x/cc-fu/ui.
debug: Resolve cce:/internal/x/cc-fu/video from cce:/internal/x/cc as external dependency cce:/internal/x/cc-fu/video.
debug: Resolve cce:/internal/x/cc-fu/webview from cce:/internal/x/cc as external dependency cce:/internal/x/cc-fu/webview.
debug: Detected change: cce:/internal/x/prerequisite-imports. Last mtime: Thu Jan 01 1970 08:10:33 GMT+0800 (菲律宾标准时间), Current mtime: Thu Jan 01 1970 08:00:08 GMT+0800 (菲律宾标准时间)
debug: Inspect cce:/internal/x/prerequisite-imports
debug: Resolve file:///Users/raopinwu/workspace/ccs/fitSreen/FitScreen/assets/Script/AutoScripts/Canvas.ts from cce:/internal/x/prerequisite-imports as file:///Users/raopinwu/workspace/ccs/fitSreen/FitScreen/assets/Script/AutoScripts/Canvas.ts.
debug: Resolve cc from file:///Users/raopinwu/workspace/ccs/fitSreen/FitScreen/assets/Script/AutoScripts/Canvas.ts as cce:/internal/x/cc.
debug: Resolve cc from file:///Users/raopinwu/workspace/ccs/fitSreen/FitScreen/assets/Script/AutoScripts/Canvas.ts as cce:/internal/x/cc.
debug: Resolve cc from file:///Users/raopinwu/workspace/ccs/fitSreen/FitScreen/assets/Script/AutoScripts/Canvas.ts as cce:/internal/x/cc.
debug: Resolve file:///Users/raopinwu/workspace/ccs/fitSreen/FitScreen/assets/scripts/Main.ts from cce:/internal/x/prerequisite-imports as file:///Users/raopinwu/workspace/ccs/fitSreen/FitScreen/assets/scripts/Main.ts.
debug: Resolve cc from file:///Users/raopinwu/workspace/ccs/fitSreen/FitScreen/assets/scripts/Main.ts as cce:/internal/x/cc.
debug: Resolve cc from file:///Users/raopinwu/workspace/ccs/fitSreen/FitScreen/assets/scripts/Main.ts as cce:/internal/x/cc.
debug: Resolve cc from file:///Users/raopinwu/workspace/ccs/fitSreen/FitScreen/assets/scripts/Main.ts as cce:/internal/x/cc.
debug: Resolve file:///Users/raopinwu/workspace/ccs/fitSreen/FitScreen/extensions/magic-book/assets/src/base/mb_base_cp.ts from cce:/internal/x/prerequisite-imports as file:///Users/raopinwu/workspace/ccs/fitSreen/FitScreen/extensions/magic-book/assets/src/base/mb_base_cp.ts.
debug: Resolve cc from file:///Users/raopinwu/workspace/ccs/fitSreen/FitScreen/extensions/magic-book/assets/src/base/mb_base_cp.ts as cce:/internal/x/cc.
debug: Resolve cc from file:///Users/raopinwu/workspace/ccs/fitSreen/FitScreen/extensions/magic-book/assets/src/base/mb_base_cp.ts as cce:/internal/x/cc.
debug: Resolve cc from file:///Users/raopinwu/workspace/ccs/fitSreen/FitScreen/extensions/magic-book/assets/src/base/mb_base_cp.ts as cce:/internal/x/cc.
debug: Resolve file:///Users/raopinwu/workspace/ccs/fitSreen/FitScreen/extensions/magic-book/assets/src/common/base/mb_base.ts from cce:/internal/x/prerequisite-imports as file:///Users/raopinwu/workspace/ccs/fitSreen/FitScreen/extensions/magic-book/assets/src/common/base/mb_base.ts.
debug: Resolve cce:/internal/code-quality/cr.mjs from file:///Users/raopinwu/workspace/ccs/fitSreen/FitScreen/extensions/magic-book/assets/src/common/base/mb_base.ts as cce:/internal/code-quality/cr.mjs.
debug: Detected change: cce:/internal/code-quality/cr.mjs. Last mtime: Mon Aug 29 2022 23:38:21 GMT+0800 (菲律宾标准时间), Current mtime: Tue Aug 30 2022 07:52:56 GMT+0800 (菲律宾标准时间)
debug: Inspect cce:/internal/code-quality/cr.mjs
debug: Resolve cc from file:///Users/raopinwu/workspace/ccs/fitSreen/FitScreen/extensions/magic-book/assets/src/common/base/mb_base.ts as cce:/internal/x/cc.
debug: Resolve ../../mb from file:///Users/raopinwu/workspace/ccs/fitSreen/FitScreen/extensions/magic-book/assets/src/common/base/mb_base.ts as file:///Users/raopinwu/workspace/ccs/fitSreen/FitScreen/extensions/magic-book/assets/src/mb.ts.
debug: Resolve cce:/internal/code-quality/cr.mjs from file:///Users/raopinwu/workspace/ccs/fitSreen/FitScreen/extensions/magic-book/assets/src/mb.ts as cce:/internal/code-quality/cr.mjs.
debug: Resolve cc from file:///Users/raopinwu/workspace/ccs/fitSreen/FitScreen/extensions/magic-book/assets/src/mb.ts as cce:/internal/x/cc.
debug: Resolve ./config/mb_config from file:///Users/raopinwu/workspace/ccs/fitSreen/FitScreen/extensions/magic-book/assets/src/mb.ts as file:///Users/raopinwu/workspace/ccs/fitSreen/FitScreen/extensions/magic-book/assets/src/config/mb_config.ts.
debug: Resolve cc from file:///Users/raopinwu/workspace/ccs/fitSreen/FitScreen/extensions/magic-book/assets/src/config/mb_config.ts as cce:/internal/x/cc.
debug: Resolve ./system/audio/mb_audio from file:///Users/raopinwu/workspace/ccs/fitSreen/FitScreen/extensions/magic-book/assets/src/mb.ts as file:///Users/raopinwu/workspace/ccs/fitSreen/FitScreen/extensions/magic-book/assets/src/system/audio/mb_audio.ts.
debug: Resolve cce:/internal/code-quality/cr.mjs from file:///Users/raopinwu/workspace/ccs/fitSreen/FitScreen/extensions/magic-book/assets/src/system/audio/mb_audio.ts as cce:/internal/code-quality/cr.mjs.
debug: Resolve cc from file:///Users/raopinwu/workspace/ccs/fitSreen/FitScreen/extensions/magic-book/assets/src/system/audio/mb_audio.ts as cce:/internal/x/cc.
debug: Resolve cc from file:///Users/raopinwu/workspace/ccs/fitSreen/FitScreen/extensions/magic-book/assets/src/system/audio/mb_audio.ts as cce:/internal/x/cc.
debug: Resolve cc from file:///Users/raopinwu/workspace/ccs/fitSreen/FitScreen/extensions/magic-book/assets/src/system/audio/mb_audio.ts as cce:/internal/x/cc.
debug: Resolve ../../common/base/mb_base from file:///Users/raopinwu/workspace/ccs/fitSreen/FitScreen/extensions/magic-book/assets/src/system/audio/mb_audio.ts as file:///Users/raopinwu/workspace/ccs/fitSreen/FitScreen/extensions/magic-book/assets/src/common/base/mb_base.ts.
debug: Resolve ../../common/decorator/mb_decorator from file:///Users/raopinwu/workspace/ccs/fitSreen/FitScreen/extensions/magic-book/assets/src/system/audio/mb_audio.ts as file:///Users/raopinwu/workspace/ccs/fitSreen/FitScreen/extensions/magic-book/assets/src/common/decorator/mb_decorator.ts.
debug: Resolve cce:/internal/code-quality/cr.mjs from file:///Users/raopinwu/workspace/ccs/fitSreen/FitScreen/extensions/magic-book/assets/src/common/decorator/mb_decorator.ts as cce:/internal/code-quality/cr.mjs.
debug: Resolve cc from file:///Users/raopinwu/workspace/ccs/fitSreen/FitScreen/extensions/magic-book/assets/src/common/decorator/mb_decorator.ts as cce:/internal/x/cc.
debug: Resolve ../base/mb_base from file:///Users/raopinwu/workspace/ccs/fitSreen/FitScreen/extensions/magic-book/assets/src/common/decorator/mb_decorator.ts as file:///Users/raopinwu/workspace/ccs/fitSreen/FitScreen/extensions/magic-book/assets/src/common/base/mb_base.ts.
debug: Resolve ../log/mb_log from file:///Users/raopinwu/workspace/ccs/fitSreen/FitScreen/extensions/magic-book/assets/src/common/base/mb_base.ts as file:///Users/raopinwu/workspace/ccs/fitSreen/FitScreen/extensions/magic-book/assets/src/common/log/mb_log.ts.
debug: Resolve cce:/internal/code-quality/cr.mjs from file:///Users/raopinwu/workspace/ccs/fitSreen/FitScreen/extensions/magic-book/assets/src/common/log/mb_log.ts as cce:/internal/code-quality/cr.mjs.
debug: Resolve cc from file:///Users/raopinwu/workspace/ccs/fitSreen/FitScreen/extensions/magic-book/assets/src/common/log/mb_log.ts as cce:/internal/x/cc.
debug: Resolve ../../mb from file:///Users/raopinwu/workspace/ccs/fitSreen/FitScreen/extensions/magic-book/assets/src/common/log/mb_log.ts as file:///Users/raopinwu/workspace/ccs/fitSreen/FitScreen/extensions/magic-book/assets/src/mb.ts.
debug: Resolve file:///Users/raopinwu/workspace/ccs/fitSreen/FitScreen/extensions/magic-book/assets/src/common/decorator/mb_decorator.ts from cce:/internal/x/prerequisite-imports as file:///Users/raopinwu/workspace/ccs/fitSreen/FitScreen/extensions/magic-book/assets/src/common/decorator/mb_decorator.ts.
debug: Resolve file:///Users/raopinwu/workspace/ccs/fitSreen/FitScreen/extensions/magic-book/assets/src/common/log/mb_log.ts from cce:/internal/x/prerequisite-imports as file:///Users/raopinwu/workspace/ccs/fitSreen/FitScreen/extensions/magic-book/assets/src/common/log/mb_log.ts.
debug: Resolve file:///Users/raopinwu/workspace/ccs/fitSreen/FitScreen/extensions/magic-book/assets/src/config/mb_config.ts from cce:/internal/x/prerequisite-imports as file:///Users/raopinwu/workspace/ccs/fitSreen/FitScreen/extensions/magic-book/assets/src/config/mb_config.ts.
debug: Resolve file:///Users/raopinwu/workspace/ccs/fitSreen/FitScreen/extensions/magic-book/assets/src/mb.ts from cce:/internal/x/prerequisite-imports as file:///Users/raopinwu/workspace/ccs/fitSreen/FitScreen/extensions/magic-book/assets/src/mb.ts.
debug: Resolve file:///Users/raopinwu/workspace/ccs/fitSreen/FitScreen/extensions/magic-book/assets/src/system/audio/mb_audio.ts from cce:/internal/x/prerequisite-imports as file:///Users/raopinwu/workspace/ccs/fitSreen/FitScreen/extensions/magic-book/assets/src/system/audio/mb_audio.ts.
debug: Resolve file:///Users/raopinwu/workspace/ccs/fitSreen/FitScreen/extensions/magic-book/assets/src/system/audio/mb_audio_volume_cp.ts from cce:/internal/x/prerequisite-imports as file:///Users/raopinwu/workspace/ccs/fitSreen/FitScreen/extensions/magic-book/assets/src/system/audio/mb_audio_volume_cp.ts.
debug: Resolve cce:/internal/code-quality/cr.mjs from file:///Users/raopinwu/workspace/ccs/fitSreen/FitScreen/extensions/magic-book/assets/src/system/audio/mb_audio_volume_cp.ts as cce:/internal/code-quality/cr.mjs.
debug: Resolve cc from file:///Users/raopinwu/workspace/ccs/fitSreen/FitScreen/extensions/magic-book/assets/src/system/audio/mb_audio_volume_cp.ts as cce:/internal/x/cc.
debug: Resolve cc from file:///Users/raopinwu/workspace/ccs/fitSreen/FitScreen/extensions/magic-book/assets/src/system/audio/mb_audio_volume_cp.ts as cce:/internal/x/cc.
debug: Resolve cc from file:///Users/raopinwu/workspace/ccs/fitSreen/FitScreen/extensions/magic-book/assets/src/system/audio/mb_audio_volume_cp.ts as cce:/internal/x/cc.
debug: Resolve ../../base/mb_base_cp from file:///Users/raopinwu/workspace/ccs/fitSreen/FitScreen/extensions/magic-book/assets/src/system/audio/mb_audio_volume_cp.ts as file:///Users/raopinwu/workspace/ccs/fitSreen/FitScreen/extensions/magic-book/assets/src/base/mb_base_cp.ts.
debug: Resolve ../../mb from file:///Users/raopinwu/workspace/ccs/fitSreen/FitScreen/extensions/magic-book/assets/src/system/audio/mb_audio_volume_cp.ts as file:///Users/raopinwu/workspace/ccs/fitSreen/FitScreen/extensions/magic-book/assets/src/mb.ts.
debug: Target(preview) ends with cost 94.21291400000337ms.
debug: Pulling asset-db.
debug: Fetch asset-db cost: 15.361250999994809ms.
debug: Build iteration starts.
Number of accumulated asset changes: 10
Feature changed: false
debug: Target(editor) build started.
debug: Detected change: cce:/internal/x/prerequisite-imports. Last mtime: Thu Jan 01 1970 08:00:08 GMT+0800 (菲律宾标准时间), Current mtime: Thu Jan 01 1970 08:00:08 GMT+0800 (菲律宾标准时间)
debug: Inspect cce:/internal/x/prerequisite-imports
debug: Resolve file:///Users/raopinwu/workspace/ccs/fitSreen/FitScreen/assets/Script/AutoScripts/Canvas.ts from cce:/internal/x/prerequisite-imports as file:///Users/raopinwu/workspace/ccs/fitSreen/FitScreen/assets/Script/AutoScripts/Canvas.ts.
debug: Resolve file:///Users/raopinwu/workspace/ccs/fitSreen/FitScreen/assets/scripts/Main.ts from cce:/internal/x/prerequisite-imports as file:///Users/raopinwu/workspace/ccs/fitSreen/FitScreen/assets/scripts/Main.ts.
debug: Resolve file:///Users/raopinwu/workspace/ccs/fitSreen/FitScreen/extensions/magic-book/assets/src/base/mb_base_cp.ts from cce:/internal/x/prerequisite-imports as file:///Users/raopinwu/workspace/ccs/fitSreen/FitScreen/extensions/magic-book/assets/src/base/mb_base_cp.ts.
debug: Resolve file:///Users/raopinwu/workspace/ccs/fitSreen/FitScreen/extensions/magic-book/assets/src/common/base/mb_base.ts from cce:/internal/x/prerequisite-imports as file:///Users/raopinwu/workspace/ccs/fitSreen/FitScreen/extensions/magic-book/assets/src/common/base/mb_base.ts.
debug: Resolve file:///Users/raopinwu/workspace/ccs/fitSreen/FitScreen/extensions/magic-book/assets/src/common/decorator/mb_decorator.ts from cce:/internal/x/prerequisite-imports as file:///Users/raopinwu/workspace/ccs/fitSreen/FitScreen/extensions/magic-book/assets/src/common/decorator/mb_decorator.ts.
debug: Resolve file:///Users/raopinwu/workspace/ccs/fitSreen/FitScreen/extensions/magic-book/assets/src/common/log/mb_log.ts from cce:/internal/x/prerequisite-imports as file:///Users/raopinwu/workspace/ccs/fitSreen/FitScreen/extensions/magic-book/assets/src/common/log/mb_log.ts.
debug: Resolve file:///Users/raopinwu/workspace/ccs/fitSreen/FitScreen/extensions/magic-book/assets/src/config/mb_config.ts from cce:/internal/x/prerequisite-imports as file:///Users/raopinwu/workspace/ccs/fitSreen/FitScreen/extensions/magic-book/assets/src/config/mb_config.ts.
debug: Resolve file:///Users/raopinwu/workspace/ccs/fitSreen/FitScreen/extensions/magic-book/assets/src/mb.ts from cce:/internal/x/prerequisite-imports as file:///Users/raopinwu/workspace/ccs/fitSreen/FitScreen/extensions/magic-book/assets/src/mb.ts.
debug: Resolve file:///Users/raopinwu/workspace/ccs/fitSreen/FitScreen/extensions/magic-book/assets/src/system/audio/mb_audio.ts from cce:/internal/x/prerequisite-imports as file:///Users/raopinwu/workspace/ccs/fitSreen/FitScreen/extensions/magic-book/assets/src/system/audio/mb_audio.ts.
debug: Resolve file:///Users/raopinwu/workspace/ccs/fitSreen/FitScreen/extensions/magic-book/assets/src/system/audio/mb_audio_volume_cp.ts from cce:/internal/x/prerequisite-imports as file:///Users/raopinwu/workspace/ccs/fitSreen/FitScreen/extensions/magic-book/assets/src/system/audio/mb_audio_volume_cp.ts.
debug: Target(editor) ends with cost 35.542906999995466ms.
debug: Target(preview) build started.
debug: Detected change: cce:/internal/x/prerequisite-imports. Last mtime: Thu Jan 01 1970 08:00:08 GMT+0800 (菲律宾标准时间), Current mtime: Thu Jan 01 1970 08:00:08 GMT+0800 (菲律宾标准时间)
debug: Inspect cce:/internal/x/prerequisite-imports
debug: Resolve file:///Users/raopinwu/workspace/ccs/fitSreen/FitScreen/assets/Script/AutoScripts/Canvas.ts from cce:/internal/x/prerequisite-imports as file:///Users/raopinwu/workspace/ccs/fitSreen/FitScreen/assets/Script/AutoScripts/Canvas.ts.
debug: Resolve file:///Users/raopinwu/workspace/ccs/fitSreen/FitScreen/assets/scripts/Main.ts from cce:/internal/x/prerequisite-imports as file:///Users/raopinwu/workspace/ccs/fitSreen/FitScreen/assets/scripts/Main.ts.
debug: Resolve file:///Users/raopinwu/workspace/ccs/fitSreen/FitScreen/extensions/magic-book/assets/src/base/mb_base_cp.ts from cce:/internal/x/prerequisite-imports as file:///Users/raopinwu/workspace/ccs/fitSreen/FitScreen/extensions/magic-book/assets/src/base/mb_base_cp.ts.
debug: Resolve file:///Users/raopinwu/workspace/ccs/fitSreen/FitScreen/extensions/magic-book/assets/src/common/base/mb_base.ts from cce:/internal/x/prerequisite-imports as file:///Users/raopinwu/workspace/ccs/fitSreen/FitScreen/extensions/magic-book/assets/src/common/base/mb_base.ts.
debug: Resolve file:///Users/raopinwu/workspace/ccs/fitSreen/FitScreen/extensions/magic-book/assets/src/common/decorator/mb_decorator.ts from cce:/internal/x/prerequisite-imports as file:///Users/raopinwu/workspace/ccs/fitSreen/FitScreen/extensions/magic-book/assets/src/common/decorator/mb_decorator.ts.
debug: Resolve file:///Users/raopinwu/workspace/ccs/fitSreen/FitScreen/extensions/magic-book/assets/src/common/log/mb_log.ts from cce:/internal/x/prerequisite-imports as file:///Users/raopinwu/workspace/ccs/fitSreen/FitScreen/extensions/magic-book/assets/src/common/log/mb_log.ts.
debug: Resolve file:///Users/raopinwu/workspace/ccs/fitSreen/FitScreen/extensions/magic-book/assets/src/config/mb_config.ts from cce:/internal/x/prerequisite-imports as file:///Users/raopinwu/workspace/ccs/fitSreen/FitScreen/extensions/magic-book/assets/src/config/mb_config.ts.
debug: Resolve file:///Users/raopinwu/workspace/ccs/fitSreen/FitScreen/extensions/magic-book/assets/src/mb.ts from cce:/internal/x/prerequisite-imports as file:///Users/raopinwu/workspace/ccs/fitSreen/FitScreen/extensions/magic-book/assets/src/mb.ts.
debug: Resolve file:///Users/raopinwu/workspace/ccs/fitSreen/FitScreen/extensions/magic-book/assets/src/system/audio/mb_audio.ts from cce:/internal/x/prerequisite-imports as file:///Users/raopinwu/workspace/ccs/fitSreen/FitScreen/extensions/magic-book/assets/src/system/audio/mb_audio.ts.
debug: Resolve file:///Users/raopinwu/workspace/ccs/fitSreen/FitScreen/extensions/magic-book/assets/src/system/audio/mb_audio_volume_cp.ts from cce:/internal/x/prerequisite-imports as file:///Users/raopinwu/workspace/ccs/fitSreen/FitScreen/extensions/magic-book/assets/src/system/audio/mb_audio_volume_cp.ts.
debug: Target(preview) ends with cost 33.0524599999917ms.
